[14-07-2026 12:55:05] [INFO] Приложение FEDSFM Hybrid запущено.
[14-07-2026 12:55:05] [INFO] Используется тестовый контур: True
[14-07-2026 12:55:05] [WARNING] Это тестовое предупреждение для проверки цветов и ротации.
[14-07-2026 12:55:05] [INFO] Получен ID каталога TE21
[14-07-2026 13:00:18] [INFO] === Инициализация ядра FEDSFM Hybrid ===
[14-07-2026 13:00:18] [INFO] Планировщик настроен на ежедневный запуск в 02:00
[14-07-2026 13:00:18] [INFO] Запуск тестового выполнения задач (Mock режим)...
[14-07-2026 13:00:18] [INFO] Запуск задач по требованию пользователя...
[14-07-2026 13:00:18] [INFO] Начало цикла загрузки каталогов...
[14-07-2026 13:00:18] [INFO] [TE21] Начало авторизации...
[14-07-2026 13:00:18] [ERROR] [TE21] Ошибка выполнения: 'AppSettings' object has no attribute 'username'
[14-07-2026 13:00:18] [INFO] [MVK] Начало авторизации...
[14-07-2026 13:00:18] [ERROR] [MVK] Ошибка выполнения: 'AppSettings' object has no attribute 'username'
[14-07-2026 13:00:18] [INFO] [UN_RU] Начало авторизации...
[14-07-2026 13:00:18] [ERROR] [UN_RU] Ошибка выполнения: 'AppSettings' object has no attribute 'username'
[14-07-2026 13:00:18] [INFO] [UN_EN] Начало авторизации...
[14-07-2026 13:00:18] [ERROR] [UN_EN] Ошибка выполнения: 'AppSettings' object has no attribute 'username'
[14-07-2026 13:00:18] [INFO] Цикл загрузки каталогов завершен.
[14-07-2026 13:00:21] [INFO] === Результаты выполнения ===
[14-07-2026 13:00:21] [INFO] Задача TE21: ❌ Ошибка: 'AppSettings' object has no attribute 'username'
[14-07-2026 13:00:21] [INFO] Задача MVK: ❌ Ошибка: 'AppSettings' object has no attribute 'username'
[14-07-2026 13:00:21] [INFO] Задача UN_RU: ❌ Ошибка: 'AppSettings' object has no attribute 'username'
[14-07-2026 13:00:21] [INFO] Задача UN_EN: ❌ Ошибка: 'AppSettings' object has no attribute 'username'
[14-07-2026 13:00:21] [INFO] Тест завершен. Проверьте папку 'logs' и 'downloads'.
